0 info it worked if it ends with ok
1 verbose cli [ 'node', '/Users/ian/.nvm/v0.10.26/bin/npm', 'start' ]
2 info using npm@1.4.3
3 info using node@v0.10.26
4 verbose run-script [ 'prestart', 'start', 'poststart' ]
5 info prestart liar@0.0.0
6 info start liar@0.0.0
7 verbose unsafe-perm in lifecycle true
8 info liar@0.0.0 Failed to exec start script
9 error liar@0.0.0 start: `node index.js`
9 error Exit status 8
10 error Failed at the liar@0.0.0 start script.
10 error This is most likely a problem with the liar package,
10 error not with npm itself.
10 error Tell the author that this fails on your system:
10 error     node index.js
10 error You can get their info via:
10 error     npm owner ls liar
10 error There is likely additional logging output above.
11 error System Darwin 14.1.1
12 error command "node" "/Users/ian/.nvm/v0.10.26/bin/npm" "start"
13 error cwd /Users/ian/Code/liar
14 error node -v v0.10.26
15 error npm -v 1.4.3
16 error code ELIFECYCLE
17 verbose exit [ 1, true ]
